<?xml version="1.0" encoding="UTF-8"?>
<testsuite xmlns:xsi="http://www.w3.org/2001/XMLSchema-instance" xsi:noNamespaceSchemaLocation="https://maven.apache.org/surefire/maven-surefire-plugin/xsd/surefire-test-report.xsd" name="com.example.FirestoreSampleAppTests" time="0.048" tests="1" errors="0" skipped="1" failures="0">
  <properties>
    <property name="sun.desktop" value="windows"/>
    <property name="awt.toolkit" value="sun.awt.windows.WToolkit"/>
    <property name="file.encoding.pkg" value="sun.io"/>
    <property name="java.specification.version" value="1.8"/>
    <property name="sun.cpu.isalist" value="amd64"/>
    <property name="sun.jnu.encoding" value="Cp1252"/>
    <property name="java.class.path" value="C:\rgg\coorporativo\ws\poc\target\test-classes;C:\rgg\coorporativo\ws\poc\target\classes;C:\Users\RODRIGO  GODOY\.m2\repository\org\springframework\boot\spring-boot-starter\2.3.0.RELEASE\spring-boot-starter-2.3.0.RELEASE.jar;C:\Users\RODRIGO  GODOY\.m2\repository\org\springframework\boot\spring-boot\2.3.0.RELEASE\spring-boot-2.3.0.RELEASE.jar;C:\Users\RODRIGO  GODOY\.m2\repository\org\springframework\spring-context\5.2.6.RELEASE\spring-context-5.2.6.RELEASE.jar;C:\Users\RODRIGO  GODOY\.m2\repository\org\springframework\spring-aop\5.2.6.RELEASE\spring-aop-5.2.6.RELEASE.jar;C:\Users\RODRIGO  GODOY\.m2\repository\org\springframework\spring-beans\5.2.6.RELEASE\spring-beans-5.2.6.RELEASE.jar;C:\Users\RODRIGO  GODOY\.m2\repository\org\springframework\spring-expression\5.2.6.RELEASE\spring-expression-5.2.6.RELEASE.jar;C:\Users\RODRIGO  GODOY\.m2\repository\org\springframework\boot\spring-boot-autoconfigure\2.3.0.RELEASE\spring-boot-autoconfigure-2.3.0.RELEASE.jar;C:\Users\RODRIGO  GODOY\.m2\repository\org\springframework\boot\spring-boot-starter-logging\2.3.0.RELEASE\spring-boot-starter-logging-2.3.0.RELEASE.jar;C:\Users\RODRIGO  GODOY\.m2\repository\ch\qos\logback\logback-classic\1.2.3\logback-classic-1.2.3.jar;C:\Users\RODRIGO  GODOY\.m2\repository\ch\qos\logback\logback-core\1.2.3\logback-core-1.2.3.jar;C:\Users\RODRIGO  GODOY\.m2\repository\org\apache\logging\log4j\log4j-to-slf4j\2.13.2\log4j-to-slf4j-2.13.2.jar;C:\Users\RODRIGO  GODOY\.m2\repository\org\apache\logging\log4j\log4j-api\2.13.2\log4j-api-2.13.2.jar;C:\Users\RODRIGO  GODOY\.m2\repository\org\slf4j\jul-to-slf4j\1.7.30\jul-to-slf4j-1.7.30.jar;C:\Users\RODRIGO  GODOY\.m2\repository\jakarta\annotation\jakarta.annotation-api\1.3.5\jakarta.annotation-api-1.3.5.jar;C:\Users\RODRIGO  GODOY\.m2\repository\org\springframework\spring-core\5.2.6.RELEASE\spring-core-5.2.6.RELEASE.jar;C:\Users\RODRIGO  GODOY\.m2\repository\org\springframework\spring-jcl\5.2.6.RELEASE\spring-jcl-5.2.6.RELEASE.jar;C:\Users\RODRIGO  GODOY\.m2\repository\org\yaml\snakeyaml\1.26\snakeyaml-1.26.jar;C:\Users\RODRIGO  GODOY\.m2\repository\org\springframework\cloud\spring-cloud-gcp-starter\1.2.7.BUILD-SNAPSHOT\spring-cloud-gcp-starter-1.2.7.BUILD-SNAPSHOT.jar;C:\Users\RODRIGO  GODOY\.m2\repository\org\springframework\cloud\spring-cloud-gcp-core\1.2.7.BUILD-SNAPSHOT\spring-cloud-gcp-core-1.2.7.BUILD-SNAPSHOT.jar;C:\Users\RODRIGO  GODOY\.m2\repository\com\google\cloud\google-cloud-core\1.93.9\google-cloud-core-1.93.9.jar;C:\Users\RODRIGO  GODOY\.m2\repository\org\springframework\cloud\spring-cloud-gcp-autoconfigure\1.2.7.BUILD-SNAPSHOT\spring-cloud-gcp-autoconfigure-1.2.7.BUILD-SNAPSHOT.jar;C:\Users\RODRIGO  GODOY\.m2\repository\org\slf4j\slf4j-api\1.7.30\slf4j-api-1.7.30.jar;C:\Users\RODRIGO  GODOY\.m2\repository\org\springframework\cloud\spring-cloud-gcp-starter-firestore\1.2.6.RELEASE\spring-cloud-gcp-starter-firestore-1.2.6.RELEASE.jar;C:\Users\RODRIGO  GODOY\.m2\repository\com\google\cloud\google-cloud-firestore\2.1.0\google-cloud-firestore-2.1.0.jar;C:\Users\RODRIGO  GODOY\.m2\repository\com\google\cloud\google-cloud-core-grpc\1.93.9\google-cloud-core-grpc-1.93.9.jar;C:\Users\RODRIGO  GODOY\.m2\repository\io\grpc\grpc-core\1.33.0\grpc-core-1.33.0.jar;C:\Users\RODRIGO  GODOY\.m2\repository\com\google\android\annotations\4.1.1.4\annotations-4.1.1.4.jar;C:\Users\RODRIGO  GODOY\.m2\repository\io\perfmark\perfmark-api\0.19.0\perfmark-api-0.19.0.jar;C:\Users\RODRIGO  GODOY\.m2\repository\com\google\http-client\google-http-client\1.37.0\google-http-client-1.37.0.jar;C:\Users\RODRIGO  GODOY\.m2\repository\org\apache\httpcomponents\httpclient\4.5.12\httpclient-4.5.12.jar;C:\Users\RODRIGO  GODOY\.m2\repository\commons-logging\commons-logging\1.2\commons-logging-1.2.jar;C:\Users\RODRIGO  GODOY\.m2\repository\commons-codec\commons-codec\1.14\commons-codec-1.14.jar;C:\Users\RODRIGO  GODOY\.m2\repository\org\apache\httpcomponents\httpcore\4.4.13\httpcore-4.4.13.jar;C:\Users\RODRIGO  GODOY\.m2\repository\io\opencensus\opencensus-contrib-http-util\0.24.0\opencensus-contrib-http-util-0.24.0.jar;C:\Users\RODRIGO  GODOY\.m2\repository\com\google\api\grpc\proto-google-cloud-firestore-v1\2.1.0\proto-google-cloud-firestore-v1-2.1.0.jar;C:\Users\RODRIGO  GODOY\.m2\repository\com\google\auto\value\auto-value-annotations\1.7.2\auto-value-annotations-1.7.2.jar;C:\Users\RODRIGO  GODOY\.m2\repository\io\opencensus\opencensus-contrib-grpc-util\0.24.0\opencensus-contrib-grpc-util-0.24.0.jar;C:\Users\RODRIGO  GODOY\.m2\repository\com\google\code\findbugs\jsr305\3.0.2\jsr305-3.0.2.jar;C:\Users\RODRIGO  GODOY\.m2\repository\com\google\api\api-common\1.10.0\api-common-1.10.0.jar;C:\Users\RODRIGO  GODOY\.m2\repository\javax\annotation\javax.annotation-api\1.3.2\javax.annotation-api-1.3.2.jar;C:\Users\RODRIGO  GODOY\.m2\repository\io\grpc\grpc-protobuf\1.33.0\grpc-protobuf-1.33.0.jar;C:\Users\RODRIGO  GODOY\.m2\repository\io\grpc\grpc-protobuf-lite\1.31.1\grpc-protobuf-lite-1.31.1.jar;C:\Users\RODRIGO  GODOY\.m2\repository\org\codehaus\mojo\animal-sniffer-annotations\1.19\animal-sniffer-annotations-1.19.jar;C:\Users\RODRIGO  GODOY\.m2\repository\io\grpc\grpc-context\1.33.0\grpc-context-1.33.0.jar;C:\Users\RODRIGO  GODOY\.m2\repository\com\google\protobuf\protobuf-java\3.13.0\protobuf-java-3.13.0.jar;C:\Users\RODRIGO  GODOY\.m2\repository\com\google\api\grpc\proto-google-common-protos\1.18.1\proto-google-common-protos-1.18.1.jar;C:\Users\RODRIGO  GODOY\.m2\repository\com\google\api\gax\1.60.0\gax-1.60.0.jar;C:\Users\RODRIGO  GODOY\.m2\repository\com\google\auth\google-auth-library-oauth2-http\0.22.0\google-auth-library-oauth2-http-0.22.0.jar;C:\Users\RODRIGO  GODOY\.m2\repository\io\grpc\grpc-api\1.33.0\grpc-api-1.33.0.jar;C:\Users\RODRIGO  GODOY\.m2\repository\com\google\api\gax-grpc\1.60.0\gax-grpc-1.60.0.jar;C:\Users\RODRIGO  GODOY\.m2\repository\io\grpc\grpc-auth\1.33.0\grpc-auth-1.33.0.jar;C:\Users\RODRIGO  GODOY\.m2\repository\io\grpc\grpc-netty-shaded\1.33.0\grpc-netty-shaded-1.33.0.jar;C:\Users\RODRIGO  GODOY\.m2\repository\io\grpc\grpc-alts\1.33.0\grpc-alts-1.33.0.jar;C:\Users\RODRIGO  GODOY\.m2\repository\io\grpc\grpc-grpclb\1.33.0\grpc-grpclb-1.33.0.jar;C:\Users\RODRIGO  GODOY\.m2\repository\org\conscrypt\conscrypt-openjdk-uber\2.2.1\conscrypt-openjdk-uber-2.2.1.jar;C:\Users\RODRIGO  GODOY\.m2\repository\com\google\guava\guava\29.0-jre\guava-29.0-jre.jar;C:\Users\RODRIGO  GODOY\.m2\repository\org\checkerframework\checker-qual\2.11.1\checker-qual-2.11.1.jar;C:\Users\RODRIGO  GODOY\.m2\repository\com\google\guava\failureaccess\1.0.1\failureaccess-1.0.1.jar;C:\Users\RODRIGO  GODOY\.m2\repository\com\google\guava\listenablefuture\9999.0-empty-to-avoid-conflict-with-guava\listenablefuture-9999.0-empty-to-avoid-conflict-with-guava.jar;C:\Users\RODRIGO  GODOY\.m2\repository\org\checkerframework\checker-compat-qual\2.5.5\checker-compat-qual-2.5.5.jar;C:\Users\RODRIGO  GODOY\.m2\repository\com\google\errorprone\error_prone_annotations\2.3.4\error_prone_annotations-2.3.4.jar;C:\Users\RODRIGO  GODOY\.m2\repository\com\google\j2objc\j2objc-annotations\1.3\j2objc-annotations-1.3.jar;C:\Users\RODRIGO  GODOY\.m2\repository\org\threeten\threetenbp\1.4.4\threetenbp-1.4.4.jar;C:\Users\RODRIGO  GODOY\.m2\repository\io\grpc\grpc-stub\1.33.0\grpc-stub-1.33.0.jar;C:\Users\RODRIGO  GODOY\.m2\repository\io\opencensus\opencensus-api\0.24.0\opencensus-api-0.24.0.jar;C:\Users\RODRIGO  GODOY\.m2\repository\com\google\auth\google-auth-library-credentials\0.22.0\google-auth-library-credentials-0.22.0.jar;C:\Users\RODRIGO  GODOY\.m2\repository\com\google\api\grpc\proto-google-iam-v1\1.0.1\proto-google-iam-v1-1.0.1.jar;C:\Users\RODRIGO  GODOY\.m2\repository\com\google\http-client\google-http-client-jackson2\1.37.0\google-http-client-jackson2-1.37.0.jar;C:\Users\RODRIGO  GODOY\.m2\repository\com\google\code\gson\gson\2.8.6\gson-2.8.6.jar;C:\Users\RODRIGO  GODOY\.m2\repository\com\fasterxml\jackson\core\jackson-core\2.11.0\jackson-core-2.11.0.jar;C:\Users\RODRIGO  GODOY\.m2\repository\com\google\protobuf\protobuf-java-util\3.13.0\protobuf-java-util-3.13.0.jar;C:\Users\RODRIGO  GODOY\.m2\repository\org\awaitility\awaitility\3.1.6\awaitility-3.1.6.jar;C:\Users\RODRIGO  GODOY\.m2\repository\org\hamcrest\hamcrest-library\2.2\hamcrest-library-2.2.jar;C:\Users\RODRIGO  GODOY\.m2\repository\org\hamcrest\hamcrest-core\2.2\hamcrest-core-2.2.jar;C:\Users\RODRIGO  GODOY\.m2\repository\org\objenesis\objenesis\2.6\objenesis-2.6.jar;C:\Users\RODRIGO  GODOY\.m2\repository\junit\junit\4.13\junit-4.13.jar;C:\Users\RODRIGO  GODOY\.m2\repository\org\springframework\boot\spring-boot-starter-test\2.3.0.RELEASE\spring-boot-starter-test-2.3.0.RELEASE.jar;C:\Users\RODRIGO  GODOY\.m2\repository\org\springframework\boot\spring-boot-test\2.3.0.RELEASE\spring-boot-test-2.3.0.RELEASE.jar;C:\Users\RODRIGO  GODOY\.m2\repository\org\springframework\boot\spring-boot-test-autoconfigure\2.3.0.RELEASE\spring-boot-test-autoconfigure-2.3.0.RELEASE.jar;C:\Users\RODRIGO  GODOY\.m2\repository\com\jayway\jsonpath\json-path\2.4.0\json-path-2.4.0.jar;C:\Users\RODRIGO  GODOY\.m2\repository\net\minidev\json-smart\2.3\json-smart-2.3.jar;C:\Users\RODRIGO  GODOY\.m2\repository\net\minidev\accessors-smart\1.2\accessors-smart-1.2.jar;C:\Users\RODRIGO  GODOY\.m2\repository\org\ow2\asm\asm\5.0.4\asm-5.0.4.jar;C:\Users\RODRIGO  GODOY\.m2\repository\jakarta\xml\bind\jakarta.xml.bind-api\2.3.3\jakarta.xml.bind-api-2.3.3.jar;C:\Users\RODRIGO  GODOY\.m2\repository\jakarta\activation\jakarta.activation-api\1.2.2\jakarta.activation-api-1.2.2.jar;C:\Users\RODRIGO  GODOY\.m2\repository\org\assertj\assertj-core\3.16.1\assertj-core-3.16.1.jar;C:\Users\RODRIGO  GODOY\.m2\repository\org\hamcrest\hamcrest\2.2\hamcrest-2.2.jar;C:\Users\RODRIGO  GODOY\.m2\repository\org\junit\jupiter\junit-jupiter\5.6.2\junit-jupiter-5.6.2.jar;C:\Users\RODRIGO  GODOY\.m2\repository\org\junit\jupiter\junit-jupiter-api\5.6.2\junit-jupiter-api-5.6.2.jar;C:\Users\RODRIGO  GODOY\.m2\repository\org\opentest4j\opentest4j\1.2.0\opentest4j-1.2.0.jar;C:\Users\RODRIGO  GODOY\.m2\repository\org\junit\platform\junit-platform-commons\1.6.2\junit-platform-commons-1.6.2.jar;C:\Users\RODRIGO  GODOY\.m2\repository\org\junit\jupiter\junit-jupiter-params\5.6.2\junit-jupiter-params-5.6.2.jar;C:\Users\RODRIGO  GODOY\.m2\repository\org\junit\jupiter\junit-jupiter-engine\5.6.2\junit-jupiter-engine-5.6.2.jar;C:\Users\RODRIGO  GODOY\.m2\repository\org\junit\vintage\junit-vintage-engine\5.6.2\junit-vintage-engine-5.6.2.jar;C:\Users\RODRIGO  GODOY\.m2\repository\org\apiguardian\apiguardian-api\1.1.0\apiguardian-api-1.1.0.jar;C:\Users\RODRIGO  GODOY\.m2\repository\org\junit\platform\junit-platform-engine\1.6.2\junit-platform-engine-1.6.2.jar;C:\Users\RODRIGO  GODOY\.m2\repository\org\mockito\mockito-core\3.3.3\mockito-core-3.3.3.jar;C:\Users\RODRIGO  GODOY\.m2\repository\net\bytebuddy\byte-buddy\1.10.10\byte-buddy-1.10.10.jar;C:\Users\RODRIGO  GODOY\.m2\repository\net\bytebuddy\byte-buddy-agent\1.10.10\byte-buddy-agent-1.10.10.jar;C:\Users\RODRIGO  GODOY\.m2\repository\org\mockito\mockito-junit-jupiter\3.3.3\mockito-junit-jupiter-3.3.3.jar;C:\Users\RODRIGO  GODOY\.m2\repository\org\skyscreamer\jsonassert\1.5.0\jsonassert-1.5.0.jar;C:\Users\RODRIGO  GODOY\.m2\repository\com\vaadin\external\google\android-json\0.0.20131108.vaadin1\android-json-0.0.20131108.vaadin1.jar;C:\Users\RODRIGO  GODOY\.m2\repository\org\springframework\spring-test\5.2.6.RELEASE\spring-test-5.2.6.RELEASE.jar;C:\Users\RODRIGO  GODOY\.m2\repository\org\xmlunit\xmlunit-core\2.7.0\xmlunit-core-2.7.0.jar;C:\Users\RODRIGO  GODOY\.m2\repository\commons-io\commons-io\2.5\commons-io-2.5.jar;"/>
    <property name="java.vm.vendor" value="Oracle Corporation"/>
    <property name="sun.arch.data.model" value="64"/>
    <property name="user.variant" value=""/>
    <property name="java.vendor.url" value="http://java.oracle.com/"/>
    <property name="user.timezone" value="America/Santiago"/>
    <property name="java.vm.specification.version" value="1.8"/>
    <property name="os.name" value="Windows 10"/>
    <property name="user.country" value="CL"/>
    <property name="sun.java.launcher" value="SUN_STANDARD"/>
    <property name="sun.boot.library.path" value="C:\Program Files\Java\jdk1.8.0_212\jre\bin"/>
    <property name="sun.java.command" value="C:\Users\RODRIG~1\AppData\Local\Temp\surefire7986637482789742410\surefirebooter5942428904964343122.jar C:\Users\RODRIGO  GODOY\AppData\Local\Temp\surefire7986637482789742410 2020-12-29T23-10-19_749-jvmRun1 surefire4900185610269415556tmp surefire_05238936961910885386tmp"/>
    <property name="surefire.test.class.path" value="C:\rgg\coorporativo\ws\poc\target\test-classes;C:\rgg\coorporativo\ws\poc\target\classes;C:\Users\RODRIGO  GODOY\.m2\repository\org\springframework\boot\spring-boot-starter\2.3.0.RELEASE\spring-boot-starter-2.3.0.RELEASE.jar;C:\Users\RODRIGO  GODOY\.m2\repository\org\springframework\boot\spring-boot\2.3.0.RELEASE\spring-boot-2.3.0.RELEASE.jar;C:\Users\RODRIGO  GODOY\.m2\repository\org\springframework\spring-context\5.2.6.RELEASE\spring-context-5.2.6.RELEASE.jar;C:\Users\RODRIGO  GODOY\.m2\repository\org\springframework\spring-aop\5.2.6.RELEASE\spring-aop-5.2.6.RELEASE.jar;C:\Users\RODRIGO  GODOY\.m2\repository\org\springframework\spring-beans\5.2.6.RELEASE\spring-beans-5.2.6.RELEASE.jar;C:\Users\RODRIGO  GODOY\.m2\repository\org\springframework\spring-expression\5.2.6.RELEASE\spring-expression-5.2.6.RELEASE.jar;C:\Users\RODRIGO  GODOY\.m2\repository\org\springframework\boot\spring-boot-autoconfigure\2.3.0.RELEASE\spring-boot-autoconfigure-2.3.0.RELEASE.jar;C:\Users\RODRIGO  GODOY\.m2\repository\org\springframework\boot\spring-boot-starter-logging\2.3.0.RELEASE\spring-boot-starter-logging-2.3.0.RELEASE.jar;C:\Users\RODRIGO  GODOY\.m2\repository\ch\qos\logback\logback-classic\1.2.3\logback-classic-1.2.3.jar;C:\Users\RODRIGO  GODOY\.m2\repository\ch\qos\logback\logback-core\1.2.3\logback-core-1.2.3.jar;C:\Users\RODRIGO  GODOY\.m2\repository\org\apache\logging\log4j\log4j-to-slf4j\2.13.2\log4j-to-slf4j-2.13.2.jar;C:\Users\RODRIGO  GODOY\.m2\repository\org\apache\logging\log4j\log4j-api\2.13.2\log4j-api-2.13.2.jar;C:\Users\RODRIGO  GODOY\.m2\repository\org\slf4j\jul-to-slf4j\1.7.30\jul-to-slf4j-1.7.30.jar;C:\Users\RODRIGO  GODOY\.m2\repository\jakarta\annotation\jakarta.annotation-api\1.3.5\jakarta.annotation-api-1.3.5.jar;C:\Users\RODRIGO  GODOY\.m2\repository\org\springframework\spring-core\5.2.6.RELEASE\spring-core-5.2.6.RELEASE.jar;C:\Users\RODRIGO  GODOY\.m2\repository\org\springframework\spring-jcl\5.2.6.RELEASE\spring-jcl-5.2.6.RELEASE.jar;C:\Users\RODRIGO  GODOY\.m2\repository\org\yaml\snakeyaml\1.26\snakeyaml-1.26.jar;C:\Users\RODRIGO  GODOY\.m2\repository\org\springframework\cloud\spring-cloud-gcp-starter\1.2.7.BUILD-SNAPSHOT\spring-cloud-gcp-starter-1.2.7.BUILD-SNAPSHOT.jar;C:\Users\RODRIGO  GODOY\.m2\repository\org\springframework\cloud\spring-cloud-gcp-core\1.2.7.BUILD-SNAPSHOT\spring-cloud-gcp-core-1.2.7.BUILD-SNAPSHOT.jar;C:\Users\RODRIGO  GODOY\.m2\repository\com\google\cloud\google-cloud-core\1.93.9\google-cloud-core-1.93.9.jar;C:\Users\RODRIGO  GODOY\.m2\repository\org\springframework\cloud\spring-cloud-gcp-autoconfigure\1.2.7.BUILD-SNAPSHOT\spring-cloud-gcp-autoconfigure-1.2.7.BUILD-SNAPSHOT.jar;C:\Users\RODRIGO  GODOY\.m2\repository\org\slf4j\slf4j-api\1.7.30\slf4j-api-1.7.30.jar;C:\Users\RODRIGO  GODOY\.m2\repository\org\springframework\cloud\spring-cloud-gcp-starter-firestore\1.2.6.RELEASE\spring-cloud-gcp-starter-firestore-1.2.6.RELEASE.jar;C:\Users\RODRIGO  GODOY\.m2\repository\com\google\cloud\google-cloud-firestore\2.1.0\google-cloud-firestore-2.1.0.jar;C:\Users\RODRIGO  GODOY\.m2\repository\com\google\cloud\google-cloud-core-grpc\1.93.9\google-cloud-core-grpc-1.93.9.jar;C:\Users\RODRIGO  GODOY\.m2\repository\io\grpc\grpc-core\1.33.0\grpc-core-1.33.0.jar;C:\Users\RODRIGO  GODOY\.m2\repository\com\google\android\annotations\4.1.1.4\annotations-4.1.1.4.jar;C:\Users\RODRIGO  GODOY\.m2\repository\io\perfmark\perfmark-api\0.19.0\perfmark-api-0.19.0.jar;C:\Users\RODRIGO  GODOY\.m2\repository\com\google\http-client\google-http-client\1.37.0\google-http-client-1.37.0.jar;C:\Users\RODRIGO  GODOY\.m2\repository\org\apache\httpcomponents\httpclient\4.5.12\httpclient-4.5.12.jar;C:\Users\RODRIGO  GODOY\.m2\repository\commons-logging\commons-logging\1.2\commons-logging-1.2.jar;C:\Users\RODRIGO  GODOY\.m2\repository\commons-codec\commons-codec\1.14\commons-codec-1.14.jar;C:\Users\RODRIGO  GODOY\.m2\repository\org\apache\httpcomponents\httpcore\4.4.13\httpcore-4.4.13.jar;C:\Users\RODRIGO  GODOY\.m2\repository\io\opencensus\opencensus-contrib-http-util\0.24.0\opencensus-contrib-http-util-0.24.0.jar;C:\Users\RODRIGO  GODOY\.m2\repository\com\google\api\grpc\proto-google-cloud-firestore-v1\2.1.0\proto-google-cloud-firestore-v1-2.1.0.jar;C:\Users\RODRIGO  GODOY\.m2\repository\com\google\auto\value\auto-value-annotations\1.7.2\auto-value-annotations-1.7.2.jar;C:\Users\RODRIGO  GODOY\.m2\repository\io\opencensus\opencensus-contrib-grpc-util\0.24.0\opencensus-contrib-grpc-util-0.24.0.jar;C:\Users\RODRIGO  GODOY\.m2\repository\com\google\code\findbugs\jsr305\3.0.2\jsr305-3.0.2.jar;C:\Users\RODRIGO  GODOY\.m2\repository\com\google\api\api-common\1.10.0\api-common-1.10.0.jar;C:\Users\RODRIGO  GODOY\.m2\repository\javax\annotation\javax.annotation-api\1.3.2\javax.annotation-api-1.3.2.jar;C:\Users\RODRIGO  GODOY\.m2\repository\io\grpc\grpc-protobuf\1.33.0\grpc-protobuf-1.33.0.jar;C:\Users\RODRIGO  GODOY\.m2\repository\io\grpc\grpc-protobuf-lite\1.31.1\grpc-protobuf-lite-1.31.1.jar;C:\Users\RODRIGO  GODOY\.m2\repository\org\codehaus\mojo\animal-sniffer-annotations\1.19\animal-sniffer-annotations-1.19.jar;C:\Users\RODRIGO  GODOY\.m2\repository\io\grpc\grpc-context\1.33.0\grpc-context-1.33.0.jar;C:\Users\RODRIGO  GODOY\.m2\repository\com\google\protobuf\protobuf-java\3.13.0\protobuf-java-3.13.0.jar;C:\Users\RODRIGO  GODOY\.m2\repository\com\google\api\grpc\proto-google-common-protos\1.18.1\proto-google-common-protos-1.18.1.jar;C:\Users\RODRIGO  GODOY\.m2\repository\com\google\api\gax\1.60.0\gax-1.60.0.jar;C:\Users\RODRIGO  GODOY\.m2\repository\com\google\auth\google-auth-library-oauth2-http\0.22.0\google-auth-library-oauth2-http-0.22.0.jar;C:\Users\RODRIGO  GODOY\.m2\repository\io\grpc\grpc-api\1.33.0\grpc-api-1.33.0.jar;C:\Users\RODRIGO  GODOY\.m2\repository\com\google\api\gax-grpc\1.60.0\gax-grpc-1.60.0.jar;C:\Users\RODRIGO  GODOY\.m2\repository\io\grpc\grpc-auth\1.33.0\grpc-auth-1.33.0.jar;C:\Users\RODRIGO  GODOY\.m2\repository\io\grpc\grpc-netty-shaded\1.33.0\grpc-netty-shaded-1.33.0.jar;C:\Users\RODRIGO  GODOY\.m2\repository\io\grpc\grpc-alts\1.33.0\grpc-alts-1.33.0.jar;C:\Users\RODRIGO  GODOY\.m2\repository\io\grpc\grpc-grpclb\1.33.0\grpc-grpclb-1.33.0.jar;C:\Users\RODRIGO  GODOY\.m2\repository\org\conscrypt\conscrypt-openjdk-uber\2.2.1\conscrypt-openjdk-uber-2.2.1.jar;C:\Users\RODRIGO  GODOY\.m2\repository\com\google\guava\guava\29.0-jre\guava-29.0-jre.jar;C:\Users\RODRIGO  GODOY\.m2\repository\org\checkerframework\checker-qual\2.11.1\checker-qual-2.11.1.jar;C:\Users\RODRIGO  GODOY\.m2\repository\com\google\guava\failureaccess\1.0.1\failureaccess-1.0.1.jar;C:\Users\RODRIGO  GODOY\.m2\repository\com\google\guava\listenablefuture\9999.0-empty-to-avoid-conflict-with-guava\listenablefuture-9999.0-empty-to-avoid-conflict-with-guava.jar;C:\Users\RODRIGO  GODOY\.m2\repository\org\checkerframework\checker-compat-qual\2.5.5\checker-compat-qual-2.5.5.jar;C:\Users\RODRIGO  GODOY\.m2\repository\com\google\errorprone\error_prone_annotations\2.3.4\error_prone_annotations-2.3.4.jar;C:\Users\RODRIGO  GODOY\.m2\repository\com\google\j2objc\j2objc-annotations\1.3\j2objc-annotations-1.3.jar;C:\Users\RODRIGO  GODOY\.m2\repository\org\threeten\threetenbp\1.4.4\threetenbp-1.4.4.jar;C:\Users\RODRIGO  GODOY\.m2\repository\io\grpc\grpc-stub\1.33.0\grpc-stub-1.33.0.jar;C:\Users\RODRIGO  GODOY\.m2\repository\io\opencensus\opencensus-api\0.24.0\opencensus-api-0.24.0.jar;C:\Users\RODRIGO  GODOY\.m2\repository\com\google\auth\google-auth-library-credentials\0.22.0\google-auth-library-credentials-0.22.0.jar;C:\Users\RODRIGO  GODOY\.m2\repository\com\google\api\grpc\proto-google-iam-v1\1.0.1\proto-google-iam-v1-1.0.1.jar;C:\Users\RODRIGO  GODOY\.m2\repository\com\google\http-client\google-http-client-jackson2\1.37.0\google-http-client-jackson2-1.37.0.jar;C:\Users\RODRIGO  GODOY\.m2\repository\com\google\code\gson\gson\2.8.6\gson-2.8.6.jar;C:\Users\RODRIGO  GODOY\.m2\repository\com\fasterxml\jackson\core\jackson-core\2.11.0\jackson-core-2.11.0.jar;C:\Users\RODRIGO  GODOY\.m2\repository\com\google\protobuf\protobuf-java-util\3.13.0\protobuf-java-util-3.13.0.jar;C:\Users\RODRIGO  GODOY\.m2\repository\org\awaitility\awaitility\3.1.6\awaitility-3.1.6.jar;C:\Users\RODRIGO  GODOY\.m2\repository\org\hamcrest\hamcrest-library\2.2\hamcrest-library-2.2.jar;C:\Users\RODRIGO  GODOY\.m2\repository\org\hamcrest\hamcrest-core\2.2\hamcrest-core-2.2.jar;C:\Users\RODRIGO  GODOY\.m2\repository\org\objenesis\objenesis\2.6\objenesis-2.6.jar;C:\Users\RODRIGO  GODOY\.m2\repository\junit\junit\4.13\junit-4.13.jar;C:\Users\RODRIGO  GODOY\.m2\repository\org\springframework\boot\spring-boot-starter-test\2.3.0.RELEASE\spring-boot-starter-test-2.3.0.RELEASE.jar;C:\Users\RODRIGO  GODOY\.m2\repository\org\springframework\boot\spring-boot-test\2.3.0.RELEASE\spring-boot-test-2.3.0.RELEASE.jar;C:\Users\RODRIGO  GODOY\.m2\repository\org\springframework\boot\spring-boot-test-autoconfigure\2.3.0.RELEASE\spring-boot-test-autoconfigure-2.3.0.RELEASE.jar;C:\Users\RODRIGO  GODOY\.m2\repository\com\jayway\jsonpath\json-path\2.4.0\json-path-2.4.0.jar;C:\Users\RODRIGO  GODOY\.m2\repository\net\minidev\json-smart\2.3\json-smart-2.3.jar;C:\Users\RODRIGO  GODOY\.m2\repository\net\minidev\accessors-smart\1.2\accessors-smart-1.2.jar;C:\Users\RODRIGO  GODOY\.m2\repository\org\ow2\asm\asm\5.0.4\asm-5.0.4.jar;C:\Users\RODRIGO  GODOY\.m2\repository\jakarta\xml\bind\jakarta.xml.bind-api\2.3.3\jakarta.xml.bind-api-2.3.3.jar;C:\Users\RODRIGO  GODOY\.m2\repository\jakarta\activation\jakarta.activation-api\1.2.2\jakarta.activation-api-1.2.2.jar;C:\Users\RODRIGO  GODOY\.m2\repository\org\assertj\assertj-core\3.16.1\assertj-core-3.16.1.jar;C:\Users\RODRIGO  GODOY\.m2\repository\org\hamcrest\hamcrest\2.2\hamcrest-2.2.jar;C:\Users\RODRIGO  GODOY\.m2\repository\org\junit\jupiter\junit-jupiter\5.6.2\junit-jupiter-5.6.2.jar;C:\Users\RODRIGO  GODOY\.m2\repository\org\junit\jupiter\junit-jupiter-api\5.6.2\junit-jupiter-api-5.6.2.jar;C:\Users\RODRIGO  GODOY\.m2\repository\org\opentest4j\opentest4j\1.2.0\opentest4j-1.2.0.jar;C:\Users\RODRIGO  GODOY\.m2\repository\org\junit\platform\junit-platform-commons\1.6.2\junit-platform-commons-1.6.2.jar;C:\Users\RODRIGO  GODOY\.m2\repository\org\junit\jupiter\junit-jupiter-params\5.6.2\junit-jupiter-params-5.6.2.jar;C:\Users\RODRIGO  GODOY\.m2\repository\org\junit\jupiter\junit-jupiter-engine\5.6.2\junit-jupiter-engine-5.6.2.jar;C:\Users\RODRIGO  GODOY\.m2\repository\org\junit\vintage\junit-vintage-engine\5.6.2\junit-vintage-engine-5.6.2.jar;C:\Users\RODRIGO  GODOY\.m2\repository\org\apiguardian\apiguardian-api\1.1.0\apiguardian-api-1.1.0.jar;C:\Users\RODRIGO  GODOY\.m2\repository\org\junit\platform\junit-platform-engine\1.6.2\junit-platform-engine-1.6.2.jar;C:\Users\RODRIGO  GODOY\.m2\repository\org\mockito\mockito-core\3.3.3\mockito-core-3.3.3.jar;C:\Users\RODRIGO  GODOY\.m2\repository\net\bytebuddy\byte-buddy\1.10.10\byte-buddy-1.10.10.jar;C:\Users\RODRIGO  GODOY\.m2\repository\net\bytebuddy\byte-buddy-agent\1.10.10\byte-buddy-agent-1.10.10.jar;C:\Users\RODRIGO  GODOY\.m2\repository\org\mockito\mockito-junit-jupiter\3.3.3\mockito-junit-jupiter-3.3.3.jar;C:\Users\RODRIGO  GODOY\.m2\repository\org\skyscreamer\jsonassert\1.5.0\jsonassert-1.5.0.jar;C:\Users\RODRIGO  GODOY\.m2\repository\com\vaadin\external\google\android-json\0.0.20131108.vaadin1\android-json-0.0.20131108.vaadin1.jar;C:\Users\RODRIGO  GODOY\.m2\repository\org\springframework\spring-test\5.2.6.RELEASE\spring-test-5.2.6.RELEASE.jar;C:\Users\RODRIGO  GODOY\.m2\repository\org\xmlunit\xmlunit-core\2.7.0\xmlunit-core-2.7.0.jar;C:\Users\RODRIGO  GODOY\.m2\repository\commons-io\commons-io\2.5\commons-io-2.5.jar;"/>
    <property name="sun.cpu.endian" value="little"/>
    <property name="user.home" value="C:\Users\RODRIGO  GODOY"/>
    <property name="user.language" value="es"/>
    <property name="java.specification.vendor" value="Oracle Corporation"/>
    <property name="java.home" value="C:\Program Files\Java\jdk1.8.0_212\jre"/>
    <property name="basedir" value="C:\rgg\coorporativo\ws\poc"/>
    <property name="file.separator" value="\"/>
    <property name="line.separator" value="&#10;"/>
    <property name="java.vm.specification.vendor" value="Oracle Corporation"/>
    <property name="java.specification.name" value="Java Platform API Specification"/>
    <property name="java.awt.graphicsenv" value="sun.awt.Win32GraphicsEnvironment"/>
    <property name="surefire.real.class.path" value="C:\Users\RODRIG~1\AppData\Local\Temp\surefire7986637482789742410\surefirebooter5942428904964343122.jar"/>
    <property name="sun.boot.class.path" value="C:\Program Files\Java\jdk1.8.0_212\jre\lib\resources.jar;C:\Program Files\Java\jdk1.8.0_212\jre\lib\rt.jar;C:\Program Files\Java\jdk1.8.0_212\jre\lib\sunrsasign.jar;C:\Program Files\Java\jdk1.8.0_212\jre\lib\jsse.jar;C:\Program Files\Java\jdk1.8.0_212\jre\lib\jce.jar;C:\Program Files\Java\jdk1.8.0_212\jre\lib\charsets.jar;C:\Program Files\Java\jdk1.8.0_212\jre\lib\jfr.jar;C:\Program Files\Java\jdk1.8.0_212\jre\classes"/>
    <property name="user.script" value=""/>
    <property name="sun.management.compiler" value="HotSpot 64-Bit Tiered Compilers"/>
    <property name="java.runtime.version" value="1.8.0_212-b10"/>
    <property name="user.name" value="RODRIGO  GODOY"/>
    <property name="path.separator" value=";"/>
    <property name="os.version" value="10.0"/>
    <property name="java.endorsed.dirs" value="C:\Program Files\Java\jdk1.8.0_212\jre\lib\endorsed"/>
    <property name="java.runtime.name" value="Java(TM) SE Runtime Environment"/>
    <property name="file.encoding" value="Cp1252"/>
    <property name="java.vm.name" value="Java HotSpot(TM) 64-Bit Server VM"/>
    <property name="localRepository" value="C:\Users\RODRIGO  GODOY\.m2\repository"/>
    <property name="java.vendor.url.bug" value="http://bugreport.sun.com/bugreport/"/>
    <property name="java.io.tmpdir" value="C:\Users\RODRIG~1\AppData\Local\Temp\"/>
    <property name="java.version" value="1.8.0_212"/>
    <property name="user.dir" value="C:\rgg\coorporativo\ws\poc"/>
    <property name="os.arch" value="amd64"/>
    <property name="java.vm.specification.name" value="Java Virtual Machine Specification"/>
    <property name="java.awt.printerjob" value="sun.awt.windows.WPrinterJob"/>
    <property name="sun.os.patch.level" value=""/>
    <property name="idea.version2019.3.3" value="true"/>
    <property name="java.library.path" value="C:\Program Files\Java\jdk1.8.0_212\jre\bin;C:\Windows\Sun\Java\bin;C:\Windows\system32;C:\Windows;C:\Program Files (x86)\Microsoft SDKs\Azure\CLI2\wbin;C:\Python27\;C:\Python27\Scripts;C:\Program Files (x86)\Common Files\Oracle\Java\javapath;C:\Program Files (x86)\Intel\Intel(R) Management Engine Components\iCLS\;C:\Program Files\Intel\Intel(R) Management Engine Components\iCLS\;C:\Windows\system32;C:\Windows;C:\Windows\System32\Wbem;C:\Windows\System32\WindowsPowerShell\v1.0\;C:\Windows\System32\OpenSSH\;C:\Program Files (x86)\Intel\Intel(R) Management Engine Components\DAL;C:\Program Files\Intel\Intel(R) Management Engine Components\DAL;C:\Program Files\apache-maven-3.6.1\bin;C:\Program Files\Git\cmd;C:\Program Files\MongoDB\Server\4.0\bin\;C:\Program Files\PostgreSQL\11\bin;C:\Program Files (x86)\Google\Cloud SDK\google-cloud-sdk\bin;C:\MinGW\bin;C:\ProgramData\chocolatey\bin;C:\Users\RODRIGO  GODOY\AppData\Local\Android\Sdk\platform-tools;C:\Program Files\nodejs\;C:\Program Files\Docker\Docker\resources\bin;C:\ProgramData\DockerDesktop\version-bin;C:\Program Files\dotnet\;C:\Users\RODRIGO  GODOY\AppData\Local\Microsoft\WindowsApps;C:\Users\RODRIGO  GODOY\AppData\Local\Programs\Microsoft VS Code\bin;C:\Program Files\JetBrains\IntelliJ IDEA 2019.3.3\bin;;C:\Users\RODRIGO  GODOY\AppData\Roaming\npm;C:\Users\RODRIGO  GODOY\.dotnet\tools;."/>
    <property name="java.vm.info" value="mixed mode"/>
    <property name="java.vendor" value="Oracle Corporation"/>
    <property name="java.vm.version" value="25.212-b10"/>
    <property name="java.ext.dirs" value="C:\Program Files\Java\jdk1.8.0_212\jre\lib\ext;C:\Windows\Sun\Java\lib\ext"/>
    <property name="sun.io.unicode.encoding" value="UnicodeLittle"/>
    <property name="java.class.version" value="52.0"/>
  </properties>
  <testcase name="com.example.FirestoreSampleAppTests" classname="com.example.FirestoreSampleAppTests" time="0">
    <skipped message="Firestore-sample tests are disabled. Please use &apos;-Dit.firestore=true&apos; to enable them. : got: null, expected: is &quot;true&quot;" type="org.junit.AssumptionViolatedException">org.junit.AssumptionViolatedException: Firestore-sample tests are disabled. Please use '-Dit.firestore=true' to enable them. : got: null, expected: is "true"
	at com.example.FirestoreSampleAppTests.prepare(FirestoreSampleAppTests.java:58)
</skipped>
    <system-out><![CDATA[23:10:28.941 [main] INFO  o.s.b.t.c.SpringBootTestContextBootstrapper - Neither @ContextConfiguration nor @ContextHierarchy found for test class [com.example.FirestoreSampleAppTests], using SpringBootContextLoader
23:10:28.953 [main] INFO  o.s.t.c.s.AbstractContextLoader - Could not detect default resource locations for test class [com.example.FirestoreSampleAppTests]: no resource found for suffixes {-context.xml, Context.groovy}.
23:10:28.954 [main] INFO  o.s.t.c.s.AnnotationConfigContextLoaderUtils - Could not detect default configuration classes for test class [com.example.FirestoreSampleAppTests]: FirestoreSampleAppTests does not declare any static, non-private, non-final, nested classes annotated with @Configuration.
23:10:29.291 [main] INFO  o.s.b.t.c.SpringBootTestContextBootstrapper - Found @SpringBootConfiguration com.example.FirestoreSampleApp for test class com.example.FirestoreSampleAppTests
23:10:29.540 [main] INFO  o.s.b.t.c.SpringBootTestContextBootstrapper - Loaded default TestExecutionListener class names from location [META-INF/spring.factories]: [org.springframework.boot.test.mock.mockito.MockitoTestExecutionListener, org.springframework.boot.test.mock.mockito.ResetMocksTestExecutionListener, org.springframework.boot.test.autoconfigure.restdocs.RestDocsTestExecutionListener, org.springframework.boot.test.autoconfigure.web.client.MockRestServiceServerResetTestExecutionListener, org.springframework.boot.test.autoconfigure.web.servlet.MockMvcPrintOnlyOnFailureTestExecutionListener, org.springframework.boot.test.autoconfigure.web.servlet.WebDriverTestExecutionListener, org.springframework.boot.test.autoconfigure.webservices.client.MockWebServiceServerTestExecutionListener, org.springframework.test.context.web.ServletTestExecutionListener, org.springframework.test.context.support.DirtiesContextBeforeModesTestExecutionListener, org.springframework.test.context.support.DependencyInjectionTestExecutionListener, org.springframework.test.context.support.DirtiesContextTestExecutionListener, org.springframework.test.context.transaction.TransactionalTestExecutionListener, org.springframework.test.context.jdbc.SqlScriptsTestExecutionListener, org.springframework.test.context.event.EventPublishingTestExecutionListener]
23:10:29.560 [main] INFO  o.s.b.t.c.SpringBootTestContextBootstrapper - Using TestExecutionListeners: [org.springframework.test.context.support.DirtiesContextBeforeModesTestExecutionListener@548d708a, org.springframework.boot.test.mock.mockito.MockitoTestExecutionListener@4b013c76, org.springframework.boot.test.autoconfigure.SpringBootDependencyInjectionTestExecutionListener@53fb3dab, org.springframework.test.context.support.DirtiesContextTestExecutionListener@cb0755b, org.springframework.test.context.event.EventPublishingTestExecutionListener@33065d67, org.springframework.boot.test.mock.mockito.ResetMocksTestExecutionListener@712625fd, org.springframework.boot.test.autoconfigure.restdocs.RestDocsTestExecutionListener@7bba5817, org.springframework.boot.test.autoconfigure.web.client.MockRestServiceServerResetTestExecutionListener@742ff096, org.springframework.boot.test.autoconfigure.web.servlet.MockMvcPrintOnlyOnFailureTestExecutionListener@75437611, org.springframework.boot.test.autoconfigure.web.servlet.WebDriverTestExecutionListener@350aac89, org.springframework.boot.test.autoconfigure.webservices.client.MockWebServiceServerTestExecutionListener@1c5920df]
23:10:29.638 [main] INFO  o.s.b.t.c.SpringBootTestContextBootstrapper - Neither @ContextConfiguration nor @ContextHierarchy found for test class [com.example.FirestoreSampleAppTests], using SpringBootContextLoader
23:10:29.640 [main] INFO  o.s.t.c.s.AbstractContextLoader - Could not detect default resource locations for test class [com.example.FirestoreSampleAppTests]: no resource found for suffixes {-context.xml, Context.groovy}.
23:10:29.641 [main] INFO  o.s.t.c.s.AnnotationConfigContextLoaderUtils - Could not detect default configuration classes for test class [com.example.FirestoreSampleAppTests]: FirestoreSampleAppTests does not declare any static, non-private, non-final, nested classes annotated with @Configuration.
23:10:29.646 [main] INFO  o.s.b.t.c.SpringBootTestContextBootstrapper - Found @SpringBootConfiguration com.example.FirestoreSampleApp for test class com.example.FirestoreSampleAppTests
23:10:29.654 [main] INFO  o.s.b.t.c.SpringBootTestContextBootstrapper - Loaded default TestExecutionListener class names from location [META-INF/spring.factories]: [org.springframework.boot.test.mock.mockito.MockitoTestExecutionListener, org.springframework.boot.test.mock.mockito.ResetMocksTestExecutionListener, org.springframework.boot.test.autoconfigure.restdocs.RestDocsTestExecutionListener, org.springframework.boot.test.autoconfigure.web.client.MockRestServiceServerResetTestExecutionListener, org.springframework.boot.test.autoconfigure.web.servlet.MockMvcPrintOnlyOnFailureTestExecutionListener, org.springframework.boot.test.autoconfigure.web.servlet.WebDriverTestExecutionListener, org.springframework.boot.test.autoconfigure.webservices.client.MockWebServiceServerTestExecutionListener, org.springframework.test.context.web.ServletTestExecutionListener, org.springframework.test.context.support.DirtiesContextBeforeModesTestExecutionListener, org.springframework.test.context.support.DependencyInjectionTestExecutionListener, org.springframework.test.context.support.DirtiesContextTestExecutionListener, org.springframework.test.context.transaction.TransactionalTestExecutionListener, org.springframework.test.context.jdbc.SqlScriptsTestExecutionListener, org.springframework.test.context.event.EventPublishingTestExecutionListener]
23:10:29.661 [main] INFO  o.s.b.t.c.SpringBootTestContextBootstrapper - Using TestExecutionListeners: [org.springframework.test.context.support.DirtiesContextBeforeModesTestExecutionListener@740fb309, org.springframework.boot.test.mock.mockito.MockitoTestExecutionListener@7bd7d6d6, org.springframework.boot.test.autoconfigure.SpringBootDependencyInjectionTestExecutionListener@43f02ef2, org.springframework.test.context.support.DirtiesContextTestExecutionListener@239a307b, org.springframework.test.context.event.EventPublishingTestExecutionListener@2a8448fa, org.springframework.boot.test.mock.mockito.ResetMocksTestExecutionListener@6f204a1a, org.springframework.boot.test.autoconfigure.restdocs.RestDocsTestExecutionListener@2de56eb2, org.springframework.boot.test.autoconfigure.web.client.MockRestServiceServerResetTestExecutionListener@5f8e8a9d, org.springframework.boot.test.autoconfigure.web.servlet.MockMvcPrintOnlyOnFailureTestExecutionListener@5745ca0e, org.springframework.boot.test.autoconfigure.web.servlet.WebDriverTestExecutionListener@3ad83a66, org.springframework.boot.test.autoconfigure.webservices.client.MockWebServiceServerTestExecutionListener@3cce5371]
]]></system-out>
  </testcase>
</testsuite>